#-----------------------------------------------------------
# Vivado v2015.2 (64-bit)
# SW Build 1266856 on Fri Jun 26 16:35:25 MDT 2015
# IP Build 1264090 on Wed Jun 24 14:22:01 MDT 2015
# Start of session at: Tue Jun 19 15:34:57 2018
# Process ID: 4824
# Log file: C:/Users/Administrator/Desktop/shudian2/LAB_1/vivado.log
# Journal file: C:/Users/Administrator/Desktop/shudian2/LAB_1\vivado.jou
#-----------------------------------------------------------
start_gui
open_project C:/Users/Administrator/Desktop/shudian2/LAB_1/LAB_1.xpr
Scanning sources...
Finished scanning sources
INFO: [IP_Flow 19-234] Refreshing IP repositories
INFO: [IP_Flow 19-1704] No user IP repositories specified
INFO: [IP_Flow 19-2313] Loaded Vivado IP repository 'C:/Xilinx/Vivado/2015.2/data/ip'.
open_project: Time (s): cpu = 00:00:08 ; elapsed = 00:00:05 . Memory (MB): peak = 723.344 ; gain = 151.340
reset_run synth_1
launch_runs impl_1 -to_step write_bitstream
[Tue Jun 19 15:36:10 2018] Launched synth_1...
Run output will be captured here: C:/Users/Administrator/Desktop/shudian2/LAB_1/LAB_1.runs/synth_1/runme.log
[Tue Jun 19 15:36:10 2018] Launched impl_1...
Run output will be captured here: C:/Users/Administrator/Desktop/shudian2/LAB_1/LAB_1.runs/impl_1/runme.log
