#-----------------------------------------------------------
# Vivado v2015.2 (64-bit)
# SW Build 1266856 on Fri Jun 26 16:35:25 MDT 2015
# IP Build 1264090 on Wed Jun 24 14:22:01 MDT 2015
# Start of session at: Wed Jun 13 01:25:31 2018
# Process ID: 7356
# Log file: C:/Users/fanjunchao/Desktop/shudian2/LAB_1/vivado.log
# Journal file: C:/Users/fanjunchao/Desktop/shudian2/LAB_1\vivado.jou
#-----------------------------------------------------------
start_gui
open_project C:/Users/fanjunchao/Desktop/shudian2/LAB_1/LAB_1.xpr
INFO: [Project 1-313] Project file moved from 'C:/Users/Administrator/Desktop/数电实验二/LAB_1' since last save.
Scanning sources...
Finished scanning sources
INFO: [IP_Flow 19-234] Refreshing IP repositories
INFO: [IP_Flow 19-1704] No user IP repositories specified
INFO: [IP_Flow 19-2313] Loaded Vivado IP repository 'C:/Xilinx/Vivado/2015.2/data/ip'.
open_project: Time (s): cpu = 00:00:17 ; elapsed = 00:00:10 . Memory (MB): peak = 722.957 ; gain = 168.254
reset_run synth_1
launch_runs impl_1 -to_step write_bitstream
[Wed Jun 13 01:28:13 2018] Launched synth_1...
Run output will be captured here: C:/Users/fanjunchao/Desktop/shudian2/LAB_1/LAB_1.runs/synth_1/runme.log
[Wed Jun 13 01:28:13 2018] Launched impl_1...
Run output will be captured here: C:/Users/fanjunchao/Desktop/shudian2/LAB_1/LAB_1.runs/impl_1/runme.log
add_files -fileset constrs_1 -norecurse C:/Users/fanjunchao/Desktop/shudian2/lab1ys.xdc
reset_run synth_1
launch_runs impl_1 -to_step write_bitstream
[Wed Jun 13 01:31:30 2018] Launched synth_1...
Run output will be captured here: C:/Users/fanjunchao/Desktop/shudian2/LAB_1/LAB_1.runs/synth_1/runme.log
[Wed Jun 13 01:31:30 2018] Launched impl_1...
Run output will be captured here: C:/Users/fanjunchao/Desktop/shudian2/LAB_1/LAB_1.runs/impl_1/runme.log
exit
INFO: [Common 17-206] Exiting Vivado at Wed Jun 13 01:36:13 2018...
