#-----------------------------------------------------------
# Vivado v2015.2 (64-bit)
# SW Build 1266856 on Fri Jun 26 16:35:25 MDT 2015
# IP Build 1264090 on Wed Jun 24 14:22:01 MDT 2015
# Start of session at: Tue Oct 09 10:16:24 2018
# Process ID: 6648
# Log file: C:/Users/fanjunchao/Desktop/verilog/lab_1/vivado.log
# Journal file: C:/Users/fanjunchao/Desktop/verilog/lab_1\vivado.jou
#-----------------------------------------------------------
start_gui
open_project C:/Users/fanjunchao/Desktop/verilog/lab_1/lab_1.xpr
INFO: [Project 1-313] Project file moved from 'E:/verilog/lab_1' since last save.
CRITICAL WARNING: [Project 1-311] Could not find the file 'C:/Users/fanjunchao/Desktop/verilog/verilog/lab1_tb.v', nor could it be found using path 'E:/verilog/verilog/lab1_tb.v'.
Scanning sources...
Finished scanning sources
INFO: [IP_Flow 19-234] Refreshing IP repositories
INFO: [IP_Flow 19-1704] No user IP repositories specified
INFO: [IP_Flow 19-2313] Loaded Vivado IP repository 'C:/Xilinx/Vivado/2015.2/data/ip'.
open_project: Time (s): cpu = 00:00:18 ; elapsed = 00:00:10 . Memory (MB): peak = 722.324 ; gain = 171.496
exit
INFO: [Common 17-206] Exiting Vivado at Tue Oct 09 10:16:58 2018...
