#-----------------------------------------------------------
# Vivado v2015.2 (64-bit)
# SW Build 1266856 on Fri Jun 26 16:35:25 MDT 2015
# IP Build 1264090 on Wed Jun 24 14:22:01 MDT 2015
# Start of session at: Thu Jun 14 20:34:56 2018
# Process ID: 2076
# Log file: C:/Users/Administrator/Desktop/shudian2/LAB_2/vivado.log
# Journal file: C:/Users/Administrator/Desktop/shudian2/LAB_2\vivado.jou
#-----------------------------------------------------------
start_gui
open_project C:/Users/Administrator/Desktop/shudian2/LAB_2/LAB_2.xpr
CRITICAL WARNING: [Project 1-19] Could not find the file 'C:/Users/Administrator/Desktop/shudian2/数电实验二/lab2_tb.v'.
Scanning sources...
Finished scanning sources
INFO: [IP_Flow 19-234] Refreshing IP repositories
INFO: [IP_Flow 19-1704] No user IP repositories specified
INFO: [IP_Flow 19-2313] Loaded Vivado IP repository 'C:/Xilinx/Vivado/2015.2/data/ip'.
reset_run synth_1
launch_runs impl_1 -to_step write_bitstream
[Thu Jun 14 20:35:55 2018] Launched synth_1...
Run output will be captured here: C:/Users/Administrator/Desktop/shudian2/LAB_2/LAB_2.runs/synth_1/runme.log
[Thu Jun 14 20:35:55 2018] Launched impl_1...
Run output will be captured here: C:/Users/Administrator/Desktop/shudian2/LAB_2/LAB_2.runs/impl_1/runme.log
exit
INFO: [Common 17-206] Exiting Vivado at Thu Jun 14 20:37:48 2018...
