#-----------------------------------------------------------
# Vivado v2015.2 (64-bit)
# SW Build 1266856 on Fri Jun 26 16:35:25 MDT 2015
# IP Build 1264090 on Wed Jun 24 14:22:01 MDT 2015
# Start of session at: Thu Jun 14 20:19:24 2018
# Process ID: 3716
# Log file: C:/Users/Administrator/Desktop/shudian2/LAB_2/vivado.log
# Journal file: C:/Users/Administrator/Desktop/shudian2/LAB_2\vivado.jou
#-----------------------------------------------------------
start_gui
open_project C:/Users/Administrator/Desktop/shudian2/LAB_2/LAB_2.xpr
CRITICAL WARNING: [Project 1-19] Could not find the file 'C:/Users/Administrator/Desktop/shudian2/数电实验二/lab2_tb.v'.
Scanning sources...
Finished scanning sources
INFO: [IP_Flow 19-234] Refreshing IP repositories
INFO: [IP_Flow 19-1704] No user IP repositories specified
INFO: [IP_Flow 19-2313] Loaded Vivado IP repository 'C:/Xilinx/Vivado/2015.2/data/ip'.
open_project: Time (s): cpu = 00:00:10 ; elapsed = 00:00:06 . Memory (MB): peak = 719.633 ; gain = 145.566
launch_simulation
INFO: [USF-XSim-27] Simulation object is 'sim_1'
INFO: [USF-XSim-37] Inspecting design source files for 'lab2_tb' in fileset 'sim_1'...
INFO: [USF-XSim-97] Finding global include files...
INFO: [USF-XSim-98] Fetching design files from 'sim_1'...
INFO: [USF-XSim-2] XSim::Compile design
INFO: [USF-XSim-61] Executing 'COMPILE' step in 'C:/Users/Administrator/Desktop/shudian2/LAB_2/LAB_2.sim/sim_1/behav'
"xvlog -m64 --relax -prj lab2_tb_vlog.prj"
INFO: [VRFC 10-2263] Analyzing Verilog file "C:/Users/Administrator/Desktop/shudian2/lab2.v" into library xil_defaultlib
INFO: [VRFC 10-311] analyzing module lab2
INFO: [VRFC 10-311] analyzing module choose
INFO: [VRFC 10-2263] Analyzing Verilog file "C:/Users/Administrator/Desktop/shudian2/lab2_tb.v" into library xil_defaultlib
INFO: [VRFC 10-311] analyzing module lab2_tb
INFO: [VRFC 10-2263] Analyzing Verilog file "C:/Users/Administrator/Desktop/shudian2/LAB_2/LAB_2.sim/sim_1/behav/glbl.v" into library xil_defaultlib
INFO: [VRFC 10-311] analyzing module glbl
INFO: [USF-XSim-3] XSim::Elaborate design
INFO: [USF-XSim-61] Executing 'ELABORATE' step in 'C:/Users/Administrator/Desktop/shudian2/LAB_2/LAB_2.sim/sim_1/behav'
Vivado Simulator 2015.2
Copyright 1986-1999, 2001-2015 Xilinx, Inc. All Rights Reserved.
Running: C:/Xilinx/Vivado/2015.2/bin/unwrapped/win64.o/xelab.exe -wto f476b358644a4cdb9b37237d3e5d27a7 --debug typical --relax --mt 2 -L xil_defaultlib -L unisims_ver -L unimacro_ver -L secureip --snapshot lab2_tb_behav xil_defaultlib.lab2_tb xil_defaultlib.glbl -log elaborate.log 
Using 2 slave threads.
Starting static elaboration
Completed static elaboration
Starting simulation data flow analysis
Completed simulation data flow analysis
Time Resolution for simulation is 1ps
Compiling module xil_defaultlib.choose
Compiling module xil_defaultlib.lab2
Compiling module xil_defaultlib.lab2_tb
Compiling module xil_defaultlib.glbl
Waiting for 2 sub-compilation(s) to finish...
Built simulation snapshot lab2_tb_behav

****** Webtalk v2015.2 (64-bit)
  **** SW Build 1266856 on Fri Jun 26 16:35:25 MDT 2015
  **** IP Build 1264090 on Wed Jun 24 14:22:01 MDT 2015
    ** Copyright 1986-2015 Xilinx, Inc. All Rights Reserved.

source C:/Users/Administrator/Desktop/shudian2/LAB_2/LAB_2.sim/sim_1/behav/xsim.dir/lab2_tb_behav/webtalk/xsim_webtalk.tcl -notrace

    while executing
"webtalk_transmit -clientid 2324380744 -regid "" -xml C:/Users/Administrator/Desktop/shudian2/LAB_2/LAB_2.sim/sim_1/behav/xsim.dir/lab2_tb_behav/webtal..."
    (file "C:/Users/Administrator/Desktop/shudian2/LAB_2/LAB_2.sim/sim_1/behav/xsim.dir/lab2_tb_behav/webtalk/xsim_webtalk.tcl" line 41)
INFO: [Common 17-206] Exiting Webtalk at Thu Jun 14 20:21:43 2018...
run_program: Time (s): cpu = 00:00:00 ; elapsed = 00:00:06 . Memory (MB): peak = 758.313 ; gain = 0.000
INFO: [USF-XSim-4] XSim::Simulate design
INFO: [USF-XSim-61] Executing 'SIMULATE' step in 'C:/Users/Administrator/Desktop/shudian2/LAB_2/LAB_2.sim/sim_1/behav'
INFO: [USF-XSim-98] *** Running xsim
   with args "lab2_tb_behav -key {Behavioral:sim_1:Functional:lab2_tb} -tclbatch {lab2_tb.tcl} -log {simulate.log}"
INFO: [USF-XSim-8] Loading simulator feature
Vivado Simulator 2015.2
Time resolution is 1 ps
source lab2_tb.tcl
# set curr_wave [current_wave_config]
# if { [string length $curr_wave] == 0 } {
#   if { [llength [get_objects]] > 0} {
#     add_wave /
#     set_property needs_save false [current_wave_config]
#   } else {
#      send_msg_id Add_Wave-1 WARNING "No top level signals found. Simulator will start without a wave window. If you want to open a wave window go to 'File->New Waveform Configuration' or type 'create_wave_config' in the TCL console."
#   }
# }
# run 1000ns
INFO: [USF-XSim-96] XSim completed. Design snapshot 'lab2_tb_behav' loaded.
INFO: [USF-XSim-97] XSim simulation ran for 1000ns
launch_simulation: Time (s): cpu = 00:00:03 ; elapsed = 00:00:10 . Memory (MB): peak = 758.313 ; gain = 0.000
reset_run synth_1
launch_runs impl_1 -to_step write_bitstream
[Thu Jun 14 20:22:01 2018] Launched synth_1...
Run output will be captured here: C:/Users/Administrator/Desktop/shudian2/LAB_2/LAB_2.runs/synth_1/runme.log
[Thu Jun 14 20:22:01 2018] Launched impl_1...
Run output will be captured here: C:/Users/Administrator/Desktop/shudian2/LAB_2/LAB_2.runs/impl_1/runme.log
open_project C:/Users/Administrator/Desktop/shudian2/LAB_1/LAB_1.xpr
Scanning sources...
Finished scanning sources
INFO: [IP_Flow 19-234] Refreshing IP repositories
INFO: [IP_Flow 19-1704] No user IP repositories specified
INFO: [IP_Flow 19-2313] Loaded Vivado IP repository 'C:/Xilinx/Vivado/2015.2/data/ip'.
close_sim
INFO: [Simtcl 6-16] Simulation closed
current_project LAB_2
close_project
****** Webtalk v2015.2 (64-bit)
  **** SW Build 1266856 on Fri Jun 26 16:35:25 MDT 2015
  **** IP Build 1264090 on Wed Jun 24 14:22:01 MDT 2015
    ** Copyright 1986-2015 Xilinx, Inc. All Rights Reserved.

source C:/Users/Administrator/Desktop/shudian2/LAB_2/LAB_2.hw/webtalk/labtool_webtalk.tcl -notrace
INFO: [Common 17-186] 'C:/Users/Administrator/Desktop/shudian2/LAB_2/LAB_2.hw/webtalk/usage_statistics_ext_labtool.xml' has been successfully sent to Xilinx on Thu Jun 14 20:24:04 2018. For additional details about this file, please refer to the WebTalk help file at C:/Xilinx/Vivado/2015.2/doc/webtalk_introduction.html.
INFO: [Common 17-206] Exiting Webtalk at Thu Jun 14 20:24:04 2018...
launch_simulation
INFO: [USF-XSim-27] Simulation object is 'sim_1'
INFO: [USF-XSim-37] Inspecting design source files for 'lab1_b_tb' in fileset 'sim_1'...
INFO: [USF-XSim-97] Finding global include files...
INFO: [USF-XSim-98] Fetching design files from 'sim_1'...
INFO: [USF-XSim-2] XSim::Compile design
INFO: [USF-XSim-61] Executing 'COMPILE' step in 'C:/Users/Administrator/Desktop/shudian2/LAB_1/LAB_1.sim/sim_1/behav'
"xvlog -m64 --relax -prj lab1_b_tb_vlog.prj"
INFO: [VRFC 10-2263] Analyzing Verilog file "C:/Users/Administrator/Desktop/shudian2/lab1_b.v" into library xil_defaultlib
INFO: [VRFC 10-311] analyzing module lab1_b
INFO: [VRFC 10-311] analyzing module T
WARNING: [VRFC 10-1315] redeclaration of ansi port q is not allowed [C:/Users/Administrator/Desktop/shudian2/lab1_b.v:20]
INFO: [VRFC 10-2263] Analyzing Verilog file "C:/Users/Administrator/Desktop/shudian2/lab1_b_tb.v" into library xil_defaultlib
INFO: [VRFC 10-311] analyzing module lab1_b_tb
INFO: [VRFC 10-2263] Analyzing Verilog file "C:/Users/Administrator/Desktop/shudian2/LAB_1/LAB_1.sim/sim_1/behav/glbl.v" into library xil_defaultlib
INFO: [VRFC 10-311] analyzing module glbl
INFO: [USF-XSim-3] XSim::Elaborate design
INFO: [USF-XSim-61] Executing 'ELABORATE' step in 'C:/Users/Administrator/Desktop/shudian2/LAB_1/LAB_1.sim/sim_1/behav'
Vivado Simulator 2015.2
Copyright 1986-1999, 2001-2015 Xilinx, Inc. All Rights Reserved.
Running: C:/Xilinx/Vivado/2015.2/bin/unwrapped/win64.o/xelab.exe -wto 897444f88f88476b8f5c0894c4ae3450 --debug typical --relax --mt 2 -L xil_defaultlib -L unisims_ver -L unimacro_ver -L secureip --snapshot lab1_b_tb_behav xil_defaultlib.lab1_b_tb xil_defaultlib.glbl -log elaborate.log 
Using 2 slave threads.
Starting static elaboration
Completed static elaboration
Starting simulation data flow analysis
Completed simulation data flow analysis
Time Resolution for simulation is 1ps
Compiling module xil_defaultlib.T
Compiling module xil_defaultlib.lab1_b
Compiling module xil_defaultlib.lab1_b_tb
Compiling module xil_defaultlib.glbl
Waiting for 2 sub-compilation(s) to finish...
Built simulation snapshot lab1_b_tb_behav

****** Webtalk v2015.2 (64-bit)
  **** SW Build 1266856 on Fri Jun 26 16:35:25 MDT 2015
  **** IP Build 1264090 on Wed Jun 24 14:22:01 MDT 2015
    ** Copyright 1986-2015 Xilinx, Inc. All Rights Reserved.

source C:/Users/Administrator/Desktop/shudian2/LAB_1/LAB_1.sim/sim_1/behav/xsim.dir/lab1_b_tb_behav/webtalk/xsim_webtalk.tcl -notrace
INFO: [Common 17-186] 'C:/Users/Administrator/Desktop/shudian2/LAB_1/LAB_1.sim/sim_1/behav/xsim.dir/lab1_b_tb_behav/webtalk/usage_statistics_ext_xsim.xml' has been successfully sent to Xilinx on Thu Jun 14 20:32:37 2018. For additional details about this file, please refer to the WebTalk help file at C:/Xilinx/Vivado/2015.2/doc/webtalk_introduction.html.
INFO: [Common 17-206] Exiting Webtalk at Thu Jun 14 20:32:37 2018...
INFO: [USF-XSim-4] XSim::Simulate design
INFO: [USF-XSim-61] Executing 'SIMULATE' step in 'C:/Users/Administrator/Desktop/shudian2/LAB_1/LAB_1.sim/sim_1/behav'
INFO: [USF-XSim-98] *** Running xsim
   with args "lab1_b_tb_behav -key {Behavioral:sim_1:Functional:lab1_b_tb} -tclbatch {lab1_b_tb.tcl} -view {C:/Users/Administrator/Desktop/shudian2/LAB_1/lab1_b_tb_behav.wcfg} -log {simulate.log}"
INFO: [USF-XSim-8] Loading simulator feature
Vivado Simulator 2015.2
Time resolution is 1 ps
open_wave_config C:/Users/Administrator/Desktop/shudian2/LAB_1/lab1_b_tb_behav.wcfg
source lab1_b_tb.tcl
# set curr_wave [current_wave_config]
# if { [string length $curr_wave] == 0 } {
#   if { [llength [get_objects]] > 0} {
#     add_wave /
#     set_property needs_save false [current_wave_config]
#   } else {
#      send_msg_id Add_Wave-1 WARNING "No top level signals found. Simulator will start without a wave window. If you want to open a wave window go to 'File->New Waveform Configuration' or type 'create_wave_config' in the TCL console."
#   }
# }
# run 1000ns
INFO: [USF-XSim-96] XSim completed. Design snapshot 'lab1_b_tb_behav' loaded.
INFO: [USF-XSim-97] XSim simulation ran for 1000ns
launch_simulation: Time (s): cpu = 00:00:01 ; elapsed = 00:00:06 . Memory (MB): peak = 784.555 ; gain = 0.000
reset_run synth_1
launch_runs impl_1 -to_step write_bitstream
[Thu Jun 14 20:32:48 2018] Launched synth_1...
Run output will be captured here: C:/Users/Administrator/Desktop/shudian2/LAB_1/LAB_1.runs/synth_1/runme.log
[Thu Jun 14 20:32:48 2018] Launched impl_1...
Run output will be captured here: C:/Users/Administrator/Desktop/shudian2/LAB_1/LAB_1.runs/impl_1/runme.log
close_sim
INFO: [Simtcl 6-16] Simulation closed
close_sim: Time (s): cpu = 00:00:01 ; elapsed = 00:00:05 . Memory (MB): peak = 787.867 ; gain = 0.000
exit
INFO: [Common 17-206] Exiting Vivado at Thu Jun 14 20:34:47 2018...
