#-----------------------------------------------------------
# Vivado v2015.2 (64-bit)
# SW Build 1266856 on Fri Jun 26 16:35:25 MDT 2015
# IP Build 1264090 on Wed Jun 24 14:22:01 MDT 2015
# Start of session at: Wed Jun 13 01:30:57 2018
# Process ID: 10712
# Log file: C:/Users/fanjunchao/Desktop/shudian2/LAB_2/vivado.log
# Journal file: C:/Users/fanjunchao/Desktop/shudian2/LAB_2\vivado.jou
#-----------------------------------------------------------
start_gui
open_project C:/Users/fanjunchao/Desktop/shudian2/LAB_2/LAB_2.xpr
INFO: [Project 1-313] Project file moved from 'C:/Users/Administrator/Desktop/数电实验二/LAB_2' since last save.
CRITICAL WARNING: [Project 1-311] Could not find the file 'C:/Users/fanjunchao/Desktop/shudian2/数电实验二/lab2_tb.v', nor could it be found using path 'C:/Users/Administrator/Desktop/数电实验二/数电实验二/lab2_tb.v'.
Scanning sources...
Finished scanning sources
INFO: [IP_Flow 19-234] Refreshing IP repositories
INFO: [IP_Flow 19-1704] No user IP repositories specified
INFO: [IP_Flow 19-2313] Loaded Vivado IP repository 'C:/Xilinx/Vivado/2015.2/data/ip'.
open_project: Time (s): cpu = 00:00:20 ; elapsed = 00:00:11 . Memory (MB): peak = 704.582 ; gain = 151.852
reset_run impl_1 -prev_step 
launch_runs impl_1 -to_step write_bitstream
[Wed Jun 13 01:31:41 2018] Launched impl_1...
Run output will be captured here: C:/Users/fanjunchao/Desktop/shudian2/LAB_2/LAB_2.runs/impl_1/runme.log
reset_run synth_1
launch_runs impl_1 -to_step write_bitstream
[Wed Jun 13 01:36:02 2018] Launched synth_1...
Run output will be captured here: C:/Users/fanjunchao/Desktop/shudian2/LAB_2/LAB_2.runs/synth_1/runme.log
[Wed Jun 13 01:36:02 2018] Launched impl_1...
Run output will be captured here: C:/Users/fanjunchao/Desktop/shudian2/LAB_2/LAB_2.runs/impl_1/runme.log
reset_run synth_1
launch_runs impl_1 -to_step write_bitstream
[Wed Jun 13 01:38:01 2018] Launched synth_1...
Run output will be captured here: C:/Users/fanjunchao/Desktop/shudian2/LAB_2/LAB_2.runs/synth_1/runme.log
[Wed Jun 13 01:38:01 2018] Launched impl_1...
Run output will be captured here: C:/Users/fanjunchao/Desktop/shudian2/LAB_2/LAB_2.runs/impl_1/runme.log
close_project
INFO: [Common 17-41] Interrupt caught. Command should exit soon.
****** Webtalk v2015.2 (64-bit)
  **** SW Build 1266856 on Fri Jun 26 16:35:25 MDT 2015
  **** IP Build 1264090 on Wed Jun 24 14:22:01 MDT 2015
    ** Copyright 1986-2015 Xilinx, Inc. All Rights Reserved.

source C:/Users/fanjunchao/Desktop/shudian2/LAB_2/LAB_2.hw/webtalk/labtool_webtalk.tcl -notrace
webtalk_transmit: Time (s): cpu = 00:00:00 ; elapsed = 00:00:11 . Memory (MB): peak = 53.574 ; gain = 0.000

    while executing
"webtalk_transmit -clientid 2883938682 -regid "" -xml C:/Users/fanjunchao/Desktop/shudian2/LAB_2/LAB_2.hw/webtalk/usage_statistics_ext_labtool.xml -htm..."
    (file "C:/Users/fanjunchao/Desktop/shudian2/LAB_2/LAB_2.hw/webtalk/labtool_webtalk.tcl" line 26)
INFO: [Common 17-206] Exiting Webtalk at Wed Jun 13 01:40:40 2018...
close_project: Time (s): cpu = 00:00:02 ; elapsed = 00:00:13 . Memory (MB): peak = 749.426 ; gain = 0.000
INFO: [Common 17-344] 'close_project' was cancelled
open_project C:/Users/fanjunchao/Desktop/shudian2/LAB_2/LAB_2.xpr
CRITICAL WARNING: [Project 1-19] Could not find the file 'C:/Users/fanjunchao/Desktop/shudian2/数电实验二/lab2_tb.v'.
Scanning sources...
Finished scanning sources
INFO: [IP_Flow 19-234] Refreshing IP repositories
INFO: [IP_Flow 19-1704] No user IP repositories specified
INFO: [IP_Flow 19-2313] Loaded Vivado IP repository 'C:/Xilinx/Vivado/2015.2/data/ip'.
reset_run synth_1
launch_runs impl_1 -to_step write_bitstream
[Wed Jun 13 01:45:36 2018] Launched synth_1...
Run output will be captured here: C:/Users/fanjunchao/Desktop/shudian2/LAB_2/LAB_2.runs/synth_1/runme.log
[Wed Jun 13 01:45:36 2018] Launched impl_1...
Run output will be captured here: C:/Users/fanjunchao/Desktop/shudian2/LAB_2/LAB_2.runs/impl_1/runme.log
exit
INFO: [Common 17-206] Exiting Vivado at Wed Jun 13 01:49:52 2018...
