Vivado Simulator 2015.2
Copyright 1986-1999, 2001-2015 Xilinx, Inc. All Rights Reserved.
Running: C:/Xilinx/Vivado/2015.2/bin/unwrapped/win64.o/xelab.exe -wto 44233086faef460c9be8fc275c08c54e --debug typical --relax --mt 2 --maxdelay -L xil_defaultlib -L simprims_ver -L secureip --snapshot lab3_tb_time_synth -transport_int_delays -pulse_r 0 -pulse_int_r 0 xil_defaultlib.lab3_tb xil_defaultlib.glbl -log elaborate.log 
Using 2 slave threads.
Starting static elaboration
Completed static elaboration
Starting simulation data flow analysis
Completed simulation data flow analysis
INFO: [XSIM 43-3451] SDF backannotation process started with SDF file "lab3_tb_time_synth.sdf", for root module "lab3_tb/test".
INFO: [XSIM 43-3452] SDF backannotation was successful for SDF file "lab3_tb_time_synth.sdf", for root module "lab3_tb/test".
Time Resolution for simulation is 1ps
Compiling module simprims_ver.BUFG
Compiling module simprims_ver.IBUF
Compiling module simprims_ver.OBUF
Compiling module simprims_ver.sffsrce_fdre
Compiling module simprims_ver.FDRE
Compiling module xil_defaultlib.pipe3b
Compiling module xil_defaultlib.lab3
Compiling module xil_defaultlib.lab3_tb
Compiling module xil_defaultlib.glbl
Waiting for 2 sub-compilation(s) to finish...
Built simulation snapshot lab3_tb_time_synth
