c:\rdt-win-student\stopwait\debug\stopwait.pch
c:\rdt-win-student\stopwait\debug\vc141.pdb
c:\rdt-win-student\stopwait\debug\vc141.idb
c:\rdt-win-student\stopwait\debug\stdafx.obj
c:\rdt-win-student\stopwait\debug\gbnrdtreceiver.obj
c:\rdt-win-student\stopwait\debug\gbnrdtsender.obj
c:\rdt-win-student\stopwait\debug\srrdtreceiver.obj
c:\rdt-win-student\stopwait\debug\srrdtsender.obj
c:\rdt-win-student\stopwait\debug\stopwait.obj
c:\rdt-win-student\stopwait\debug\stopwaitrdtreceiver.obj
c:\rdt-win-student\stopwait\debug\stopwaitrdtsender.obj
c:\rdt-win-student\stopwait\debug\tcpsender.obj
c:\rdt-win-student\stopwait\debug\stopwait.ilk
c:\rdt-win-student\stopwait\debug\stopwait.exe
c:\rdt-win-student\stopwait\debug\stopwait.pdb
c:\rdt-win-student\stopwait\debug\stopwait.tlog\cl.command.1.tlog
c:\rdt-win-student\stopwait\debug\stopwait.tlog\cl.read.1.tlog
c:\rdt-win-student\stopwait\debug\stopwait.tlog\cl.write.1.tlog
c:\rdt-win-student\stopwait\debug\stopwait.tlog\link.command.1.tlog
c:\rdt-win-student\stopwait\debug\stopwait.tlog\link.read.1.tlog
c:\rdt-win-student\stopwait\debug\stopwait.tlog\link.write.1.tlog
