#-----------------------------------------------------------
# Vivado v2015.2 (64-bit)
# SW Build 1266856 on Fri Jun 26 16:35:25 MDT 2015
# IP Build 1264090 on Wed Jun 24 14:22:01 MDT 2015
# Start of session at: Thu Jun 21 21:35:07 2018
# Process ID: 18900
# Log file: E:/shudian2/LAB_5/vivado.log
# Journal file: E:/shudian2/LAB_5\vivado.jou
#-----------------------------------------------------------
start_gui
open_project E:/shudian2/LAB_5/LAB_5.xpr
INFO: [Project 1-313] Project file moved from 'C:/Users/Administrator/Desktop/shudian2/LAB_5' since last save.
Scanning sources...
Finished scanning sources
INFO: [IP_Flow 19-234] Refreshing IP repositories
INFO: [IP_Flow 19-1704] No user IP repositories specified
INFO: [IP_Flow 19-2313] Loaded Vivado IP repository 'C:/Xilinx/Vivado/2015.2/data/ip'.
open_project: Time (s): cpu = 00:00:18 ; elapsed = 00:00:10 . Memory (MB): peak = 699.148 ; gain = 136.121
add_files -norecurse E:/shudian2/counter.v
WARNING: [filemgmt 56-12] File 'E:/shudian2/counter.v' cannot be added to the project because it already exists in the project, skipping this file
launch_simulation
INFO: [USF-XSim-27] Simulation object is 'sim_1'
INFO: [USF-XSim-37] Inspecting design source files for 'lab5tb' in fileset 'sim_1'...
INFO: [USF-XSim-97] Finding global include files...
INFO: [USF-XSim-98] Fetching design files from 'sim_1'...
INFO: [USF-XSim-2] XSim::Compile design
INFO: [USF-XSim-61] Executing 'COMPILE' step in 'E:/shudian2/LAB_5/LAB_5.sim/sim_1/behav'
"xvlog -m64 --relax -prj lab5tb_vlog.prj"
INFO: [VRFC 10-2263] Analyzing Verilog file "E:/shudian2/counter.v" into library xil_defaultlib
INFO: [VRFC 10-311] analyzing module counter
INFO: [VRFC 10-2263] Analyzing Verilog file "E:/shudian2/lab5.v" into library xil_defaultlib
INFO: [VRFC 10-311] analyzing module lab5
INFO: [VRFC 10-2263] Analyzing Verilog file "E:/shudian2/lab5tb.v" into library xil_defaultlib
INFO: [VRFC 10-311] analyzing module lab5tb
INFO: [VRFC 10-2263] Analyzing Verilog file "E:/shudian2/LAB_5/LAB_5.sim/sim_1/behav/glbl.v" into library xil_defaultlib
INFO: [VRFC 10-311] analyzing module glbl
INFO: [USF-XSim-3] XSim::Elaborate design
INFO: [USF-XSim-61] Executing 'ELABORATE' step in 'E:/shudian2/LAB_5/LAB_5.sim/sim_1/behav'
Vivado Simulator 2015.2
Copyright 1986-1999, 2001-2015 Xilinx, Inc. All Rights Reserved.
Running: C:/Xilinx/Vivado/2015.2/bin/unwrapped/win64.o/xelab.exe -wto 50fded62b3024a6bbc464c441edb6738 --debug typical --relax --mt 2 -L xil_defaultlib -L unisims_ver -L unimacro_ver -L secureip --snapshot lab5tb_behav xil_defaultlib.lab5tb xil_defaultlib.glbl -log elaborate.log 
Using 2 slave threads.
Starting static elaboration
ERROR: [VRFC 10-29] counter(initial_=4'b010,mode=4'b1001) expects 7 arguments [E:/shudian2/lab5.v:12]
ERROR: [XSIM 43-3322] Static elaboration of top level Verilog design unit(s) in library work failed.
INFO: [USF-XSim-99] Step results log file:'E:/shudian2/LAB_5/LAB_5.sim/sim_1/behav/elaborate.log'
ERROR: [USF-XSim-62] 'elaborate' step failed with error(s). Please check the Tcl console output or 'E:/shudian2/LAB_5/LAB_5.sim/sim_1/behav/elaborate.log' file for more information.
launch_simulation
INFO: [USF-XSim-27] Simulation object is 'sim_1'
INFO: [USF-XSim-37] Inspecting design source files for 'lab5tb' in fileset 'sim_1'...
INFO: [USF-XSim-97] Finding global include files...
INFO: [USF-XSim-98] Fetching design files from 'sim_1'...
INFO: [USF-XSim-2] XSim::Compile design
INFO: [USF-XSim-61] Executing 'COMPILE' step in 'E:/shudian2/LAB_5/LAB_5.sim/sim_1/behav'
"xvlog -m64 --relax -prj lab5tb_vlog.prj"
INFO: [VRFC 10-2263] Analyzing Verilog file "E:/shudian2/counter.v" into library xil_defaultlib
INFO: [VRFC 10-311] analyzing module counter
INFO: [VRFC 10-2263] Analyzing Verilog file "E:/shudian2/lab5.v" into library xil_defaultlib
INFO: [VRFC 10-311] analyzing module lab5
INFO: [VRFC 10-2263] Analyzing Verilog file "E:/shudian2/lab5tb.v" into library xil_defaultlib
INFO: [VRFC 10-311] analyzing module lab5tb
INFO: [VRFC 10-2263] Analyzing Verilog file "E:/shudian2/LAB_5/LAB_5.sim/sim_1/behav/glbl.v" into library xil_defaultlib
INFO: [VRFC 10-311] analyzing module glbl
INFO: [USF-XSim-3] XSim::Elaborate design
INFO: [USF-XSim-61] Executing 'ELABORATE' step in 'E:/shudian2/LAB_5/LAB_5.sim/sim_1/behav'
Vivado Simulator 2015.2
Copyright 1986-1999, 2001-2015 Xilinx, Inc. All Rights Reserved.
Running: C:/Xilinx/Vivado/2015.2/bin/unwrapped/win64.o/xelab.exe -wto 50fded62b3024a6bbc464c441edb6738 --debug typical --relax --mt 2 -L xil_defaultlib -L unisims_ver -L unimacro_ver -L secureip --snapshot lab5tb_behav xil_defaultlib.lab5tb xil_defaultlib.glbl -log elaborate.log 
Using 2 slave threads.
Starting static elaboration
Completed static elaboration
Starting simulation data flow analysis
WARNING: [XSIM 43-4100] "E:/shudian2/lab5.v" Line 3. Module lab5 has a timescale but at least one module in design doesn't have timescale.
WARNING: [XSIM 43-4100] "E:/shudian2/LAB_5/LAB_5.sim/sim_1/behav/glbl.v" Line 6. Module glbl has a timescale but at least one module in design doesn't have timescale.
WARNING: [XSIM 43-4100] "E:/shudian2/lab5.v" Line 3. Module lab5 has a timescale but at least one module in design doesn't have timescale.
WARNING: [XSIM 43-4100] "E:/shudian2/LAB_5/LAB_5.sim/sim_1/behav/glbl.v" Line 6. Module glbl has a timescale but at least one module in design doesn't have timescale.
Completed simulation data flow analysis
Time Resolution for simulation is 1ps
Compiling module xil_defaultlib.counter(min=4'b010,max=4'b1001)
Compiling module xil_defaultlib.lab5
Compiling module xil_defaultlib.lab5tb
Compiling module xil_defaultlib.glbl
Waiting for 2 sub-compilation(s) to finish...
Built simulation snapshot lab5tb_behav

****** Webtalk v2015.2 (64-bit)
  **** SW Build 1266856 on Fri Jun 26 16:35:25 MDT 2015
  **** IP Build 1264090 on Wed Jun 24 14:22:01 MDT 2015
    ** Copyright 1986-2015 Xilinx, Inc. All Rights Reserved.

source E:/shudian2/LAB_5/LAB_5.sim/sim_1/behav/xsim.dir/lab5tb_behav/webtalk/xsim_webtalk.tcl -notrace
INFO: [Common 17-186] 'E:/shudian2/LAB_5/LAB_5.sim/sim_1/behav/xsim.dir/lab5tb_behav/webtalk/usage_statistics_ext_xsim.xml' has been successfully sent to Xilinx on Thu Jun 21 21:40:35 2018. For additional details about this file, please refer to the WebTalk help file at C:/Xilinx/Vivado/2015.2/doc/webtalk_introduction.html.
INFO: [Common 17-206] Exiting Webtalk at Thu Jun 21 21:40:35 2018...
run_program: Time (s): cpu = 00:00:01 ; elapsed = 00:00:07 . Memory (MB): peak = 765.676 ; gain = 0.000
INFO: [USF-XSim-4] XSim::Simulate design
INFO: [USF-XSim-61] Executing 'SIMULATE' step in 'E:/shudian2/LAB_5/LAB_5.sim/sim_1/behav'
INFO: [USF-XSim-98] *** Running xsim
   with args "lab5tb_behav -key {Behavioral:sim_1:Functional:lab5tb} -tclbatch {lab5tb.tcl} -log {simulate.log}"
INFO: [USF-XSim-8] Loading simulator feature
Vivado Simulator 2015.2
Time resolution is 1 ps
source lab5tb.tcl
# set curr_wave [current_wave_config]
# if { [string length $curr_wave] == 0 } {
#   if { [llength [get_objects]] > 0} {
#     add_wave /
#     set_property needs_save false [current_wave_config]
#   } else {
#      send_msg_id Add_Wave-1 WARNING "No top level signals found. Simulator will start without a wave window. If you want to open a wave window go to 'File->New Waveform Configuration' or type 'create_wave_config' in the TCL console."
#   }
# }
# run 1000ns
INFO: [USF-XSim-96] XSim completed. Design snapshot 'lab5tb_behav' loaded.
INFO: [USF-XSim-97] XSim simulation ran for 1000ns
launch_simulation: Time (s): cpu = 00:00:04 ; elapsed = 00:00:12 . Memory (MB): peak = 765.676 ; gain = 0.000
close_sim
INFO: [Simtcl 6-16] Simulation closed
close_sim: Time (s): cpu = 00:00:01 ; elapsed = 00:00:07 . Memory (MB): peak = 765.676 ; gain = 0.000
exit
INFO: [Common 17-206] Exiting Vivado at Thu Jun 21 21:53:34 2018...
